<?xml version="1.0" encoding="UTF-8"?>
<testng-results ignored="0" total="1" passed="1" failed="0" skipped="0">
  <reporter-output>
  </reporter-output>
  <suite started-at="2024-05-17T23:33:08 IST" name="Default suite" finished-at="2024-05-17T23:33:15 IST" duration-ms="7046">
    <groups>
    </groups>
    <test started-at="2024-05-17T23:33:08 IST" name="Default test" finished-at="2024-05-17T23:33:15 IST" duration-ms="7046">
      <class name="demo.GetRequest">
        <test-method signature="bookingApi()[pri:0, instance:demo.GetRequest@7bba5817]" started-at="2024-05-17T23:33:08 IST" name="bookingApi" finished-at="2024-05-17T23:33:15 IST" duration-ms="6900" status="PASS">
          <reporter-output>
          </reporter-output>
        </test-method> <!-- bookingApi -->
      </class> <!-- demo.GetRequest -->
    </test> <!-- Default test -->
  </suite> <!-- Default suite -->
</testng-results>
