<?xml version="1.0" encoding="UTF-8"?>
<testng-results ignored="0" total="1" passed="1" failed="0" skipped="0">
  <reporter-output>
  </reporter-output>
  <suite started-at="2024-05-18T18:37:41 IST" name="Default suite" finished-at="2024-05-18T18:37:46 IST" duration-ms="5465">
    <groups>
    </groups>
    <test started-at="2024-05-18T18:37:41 IST" name="Default test" finished-at="2024-05-18T18:37:46 IST" duration-ms="5465">
      <class name="demo.PostRequest">
        <test-method signature="bookingApiPostService()[pri:0, instance:demo.PostRequest@7bba5817]" started-at="2024-05-18T18:37:41 IST" name="bookingApiPostService" finished-at="2024-05-18T18:37:46 IST" duration-ms="5330" status="PASS">
          <reporter-output>
          </reporter-output>
        </test-method> <!-- bookingApiPostService -->
      </class> <!-- demo.PostRequest -->
    </test> <!-- Default test -->
  </suite> <!-- Default suite -->
</testng-results>
